<?xml version="1.0" encoding="UTF-8"?>
<testsuite xmlns:xsi="http://www.w3.org/2001/XMLSchema-instance" xsi:noNamespaceSchemaLocation="https://maven.apache.org/surefire/maven-surefire-plugin/xsd/surefire-test-report.xsd" name="com.sctbc.SctbcApplicationTests" time="6.482" tests="1" errors="0" skipped="0" failures="0">
  <properties>
    <property name="sun.desktop" value="windows"/>
    <property name="awt.toolkit" value="sun.awt.windows.WToolkit"/>
    <property name="file.encoding.pkg" value="sun.io"/>
    <property name="java.specification.version" value="1.8"/>
    <property name="sun.cpu.isalist" value="pentium_pro+mmx pentium_pro pentium+mmx pentium i486 i386 i86"/>
    <property name="sun.jnu.encoding" value="GBK"/>
    <property name="java.class.path" value="D:\JavaProject\sctbc\target\test-classes;D:\JavaProject\sctbc\target\classes;D:\maven\repo\org\springframework\boot\spring-boot-starter-jdbc\2.4.5\spring-boot-starter-jdbc-2.4.5.jar;D:\maven\repo\org\springframework\boot\spring-boot-starter\2.4.5\spring-boot-starter-2.4.5.jar;D:\maven\repo\org\springframework\boot\spring-boot\2.4.5\spring-boot-2.4.5.jar;D:\maven\repo\org\springframework\boot\spring-boot-autoconfigure\2.4.5\spring-boot-autoconfigure-2.4.5.jar;D:\maven\repo\org\springframework\boot\spring-boot-starter-logging\2.4.5\spring-boot-starter-logging-2.4.5.jar;D:\maven\repo\ch\qos\logback\logback-classic\1.2.3\logback-classic-1.2.3.jar;D:\maven\repo\ch\qos\logback\logback-core\1.2.3\logback-core-1.2.3.jar;D:\maven\repo\org\apache\logging\log4j\log4j-to-slf4j\2.13.3\log4j-to-slf4j-2.13.3.jar;D:\maven\repo\org\apache\logging\log4j\log4j-api\2.13.3\log4j-api-2.13.3.jar;D:\maven\repo\org\slf4j\jul-to-slf4j\1.7.30\jul-to-slf4j-1.7.30.jar;D:\maven\repo\jakarta\annotation\jakarta.annotation-api\1.3.5\jakarta.annotation-api-1.3.5.jar;D:\maven\repo\org\yaml\snakeyaml\1.27\snakeyaml-1.27.jar;D:\maven\repo\com\zaxxer\HikariCP\3.4.5\HikariCP-3.4.5.jar;D:\maven\repo\org\springframework\spring-jdbc\5.3.6\spring-jdbc-5.3.6.jar;D:\maven\repo\org\springframework\spring-beans\5.3.6\spring-beans-5.3.6.jar;D:\maven\repo\org\springframework\spring-tx\5.3.6\spring-tx-5.3.6.jar;D:\maven\repo\org\springframework\boot\spring-boot-configuration-processor\2.4.5\spring-boot-configuration-processor-2.4.5.jar;D:\maven\repo\org\apache\poi\poi\3.16\poi-3.16.jar;D:\maven\repo\commons-codec\commons-codec\1.15\commons-codec-1.15.jar;D:\maven\repo\org\apache\commons\commons-collections4\4.1\commons-collections4-4.1.jar;D:\maven\repo\org\apache\poi\poi-ooxml\3.16\poi-ooxml-3.16.jar;D:\maven\repo\org\apache\poi\poi-ooxml-schemas\3.16\poi-ooxml-schemas-3.16.jar;D:\maven\repo\org\apache\xmlbeans\xmlbeans\2.6.0\xmlbeans-2.6.0.jar;D:\maven\repo\stax\stax-api\1.0.1\stax-api-1.0.1.jar;D:\maven\repo\com\github\virtuald\curvesapi\1.04\curvesapi-1.04.jar;D:\maven\repo\org\mybatis\spring\boot\mybatis-spring-boot-starter\2.1.4\mybatis-spring-boot-starter-2.1.4.jar;D:\maven\repo\org\mybatis\spring\boot\mybatis-spring-boot-autoconfigure\2.1.4\mybatis-spring-boot-autoconfigure-2.1.4.jar;D:\maven\repo\org\mybatis\mybatis\3.5.6\mybatis-3.5.6.jar;D:\maven\repo\org\mybatis\mybatis-spring\2.0.6\mybatis-spring-2.0.6.jar;D:\maven\repo\com\github\xiaoymin\swagger-bootstrap-ui\1.9.6\swagger-bootstrap-ui-1.9.6.jar;D:\maven\repo\org\javassist\javassist\3.25.0-GA\javassist-3.25.0-GA.jar;D:\maven\repo\io\springfox\springfox-boot-starter\3.0.0\springfox-boot-starter-3.0.0.jar;D:\maven\repo\io\springfox\springfox-oas\3.0.0\springfox-oas-3.0.0.jar;D:\maven\repo\io\swagger\core\v3\swagger-annotations\2.1.2\swagger-annotations-2.1.2.jar;D:\maven\repo\io\swagger\core\v3\swagger-models\2.1.2\swagger-models-2.1.2.jar;D:\maven\repo\com\fasterxml\jackson\core\jackson-annotations\2.11.4\jackson-annotations-2.11.4.jar;D:\maven\repo\io\springfox\springfox-spi\3.0.0\springfox-spi-3.0.0.jar;D:\maven\repo\io\springfox\springfox-schema\3.0.0\springfox-schema-3.0.0.jar;D:\maven\repo\io\springfox\springfox-core\3.0.0\springfox-core-3.0.0.jar;D:\maven\repo\io\springfox\springfox-spring-web\3.0.0\springfox-spring-web-3.0.0.jar;D:\maven\repo\io\github\classgraph\classgraph\4.8.83\classgraph-4.8.83.jar;D:\maven\repo\io\springfox\springfox-spring-webmvc\3.0.0\springfox-spring-webmvc-3.0.0.jar;D:\maven\repo\io\springfox\springfox-spring-webflux\3.0.0\springfox-spring-webflux-3.0.0.jar;D:\maven\repo\io\springfox\springfox-swagger-common\3.0.0\springfox-swagger-common-3.0.0.jar;D:\maven\repo\org\mapstruct\mapstruct\1.3.1.Final\mapstruct-1.3.1.Final.jar;D:\maven\repo\io\springfox\springfox-data-rest\3.0.0\springfox-data-rest-3.0.0.jar;D:\maven\repo\io\springfox\springfox-bean-validators\3.0.0\springfox-bean-validators-3.0.0.jar;D:\maven\repo\io\springfox\springfox-swagger2\3.0.0\springfox-swagger2-3.0.0.jar;D:\maven\repo\io\swagger\swagger-annotations\1.5.20\swagger-annotations-1.5.20.jar;D:\maven\repo\io\swagger\swagger-models\1.5.20\swagger-models-1.5.20.jar;D:\maven\repo\io\springfox\springfox-swagger-ui\3.0.0\springfox-swagger-ui-3.0.0.jar;D:\maven\repo\com\fasterxml\classmate\1.5.1\classmate-1.5.1.jar;D:\maven\repo\org\slf4j\slf4j-api\1.7.30\slf4j-api-1.7.30.jar;D:\maven\repo\org\springframework\plugin\spring-plugin-core\2.0.0.RELEASE\spring-plugin-core-2.0.0.RELEASE.jar;D:\maven\repo\org\springframework\spring-context\5.3.6\spring-context-5.3.6.jar;D:\maven\repo\org\springframework\spring-aop\5.3.6\spring-aop-5.3.6.jar;D:\maven\repo\org\springframework\plugin\spring-plugin-metadata\2.0.0.RELEASE\spring-plugin-metadata-2.0.0.RELEASE.jar;D:\maven\repo\org\springframework\boot\spring-boot-starter-mail\2.4.5\spring-boot-starter-mail-2.4.5.jar;D:\maven\repo\org\springframework\spring-context-support\5.3.6\spring-context-support-5.3.6.jar;D:\maven\repo\com\sun\mail\jakarta.mail\1.6.7\jakarta.mail-1.6.7.jar;D:\maven\repo\com\sun\activation\jakarta.activation\1.2.2\jakarta.activation-1.2.2.jar;D:\maven\repo\org\springframework\boot\spring-boot-starter-web\2.4.5\spring-boot-starter-web-2.4.5.jar;D:\maven\repo\org\springframework\boot\spring-boot-starter-json\2.4.5\spring-boot-starter-json-2.4.5.jar;D:\maven\repo\com\fasterxml\jackson\core\jackson-databind\2.11.4\jackson-databind-2.11.4.jar;D:\maven\repo\com\fasterxml\jackson\core\jackson-core\2.11.4\jackson-core-2.11.4.jar;D:\maven\repo\com\fasterxml\jackson\datatype\jackson-datatype-jdk8\2.11.4\jackson-datatype-jdk8-2.11.4.jar;D:\maven\repo\com\fasterxml\jackson\datatype\jackson-datatype-jsr310\2.11.4\jackson-datatype-jsr310-2.11.4.jar;D:\maven\repo\com\fasterxml\jackson\module\jackson-module-parameter-names\2.11.4\jackson-module-parameter-names-2.11.4.jar;D:\maven\repo\org\springframework\boot\spring-boot-starter-tomcat\2.4.5\spring-boot-starter-tomcat-2.4.5.jar;D:\maven\repo\org\apache\tomcat\embed\tomcat-embed-core\9.0.45\tomcat-embed-core-9.0.45.jar;D:\maven\repo\org\glassfish\jakarta.el\3.0.3\jakarta.el-3.0.3.jar;D:\maven\repo\org\apache\tomcat\embed\tomcat-embed-websocket\9.0.45\tomcat-embed-websocket-9.0.45.jar;D:\maven\repo\org\springframework\spring-web\5.3.6\spring-web-5.3.6.jar;D:\maven\repo\org\springframework\spring-webmvc\5.3.6\spring-webmvc-5.3.6.jar;D:\maven\repo\org\springframework\spring-expression\5.3.6\spring-expression-5.3.6.jar;D:\maven\repo\log4j\log4j\1.2.17\log4j-1.2.17.jar;D:\maven\repo\com\alibaba\druid\1.1.8\druid-1.1.8.jar;D:\maven\repo\mysql\mysql-connector-java\8.0.23\mysql-connector-java-8.0.23.jar;D:\maven\repo\org\projectlombok\lombok\1.18.20\lombok-1.18.20.jar;D:\maven\repo\org\springframework\boot\spring-boot-starter-test\2.4.5\spring-boot-starter-test-2.4.5.jar;D:\maven\repo\org\springframework\boot\spring-boot-test\2.4.5\spring-boot-test-2.4.5.jar;D:\maven\repo\org\springframework\boot\spring-boot-test-autoconfigure\2.4.5\spring-boot-test-autoconfigure-2.4.5.jar;D:\maven\repo\com\jayway\jsonpath\json-path\2.4.0\json-path-2.4.0.jar;D:\maven\repo\net\minidev\json-smart\2.3\json-smart-2.3.jar;D:\maven\repo\net\minidev\accessors-smart\1.2\accessors-smart-1.2.jar;D:\maven\repo\org\ow2\asm\asm\5.0.4\asm-5.0.4.jar;D:\maven\repo\jakarta\xml\bind\jakarta.xml.bind-api\2.3.3\jakarta.xml.bind-api-2.3.3.jar;D:\maven\repo\jakarta\activation\jakarta.activation-api\1.2.2\jakarta.activation-api-1.2.2.jar;D:\maven\repo\org\assertj\assertj-core\3.18.1\assertj-core-3.18.1.jar;D:\maven\repo\org\hamcrest\hamcrest\2.2\hamcrest-2.2.jar;D:\maven\repo\org\junit\jupiter\junit-jupiter\5.7.1\junit-jupiter-5.7.1.jar;D:\maven\repo\org\junit\jupiter\junit-jupiter-api\5.7.1\junit-jupiter-api-5.7.1.jar;D:\maven\repo\org\apiguardian\apiguardian-api\1.1.0\apiguardian-api-1.1.0.jar;D:\maven\repo\org\opentest4j\opentest4j\1.2.0\opentest4j-1.2.0.jar;D:\maven\repo\org\junit\platform\junit-platform-commons\1.7.1\junit-platform-commons-1.7.1.jar;D:\maven\repo\org\junit\jupiter\junit-jupiter-params\5.7.1\junit-jupiter-params-5.7.1.jar;D:\maven\repo\org\junit\jupiter\junit-jupiter-engine\5.7.1\junit-jupiter-engine-5.7.1.jar;D:\maven\repo\org\junit\platform\junit-platform-engine\1.7.1\junit-platform-engine-1.7.1.jar;D:\maven\repo\org\mockito\mockito-core\3.6.28\mockito-core-3.6.28.jar;D:\maven\repo\net\bytebuddy\byte-buddy\1.10.22\byte-buddy-1.10.22.jar;D:\maven\repo\net\bytebuddy\byte-buddy-agent\1.10.22\byte-buddy-agent-1.10.22.jar;D:\maven\repo\org\objenesis\objenesis\3.1\objenesis-3.1.jar;D:\maven\repo\org\mockito\mockito-junit-jupiter\3.6.28\mockito-junit-jupiter-3.6.28.jar;D:\maven\repo\org\skyscreamer\jsonassert\1.5.0\jsonassert-1.5.0.jar;D:\maven\repo\com\vaadin\external\google\android-json\0.0.20131108.vaadin1\android-json-0.0.20131108.vaadin1.jar;D:\maven\repo\org\springframework\spring-core\5.3.6\spring-core-5.3.6.jar;D:\maven\repo\org\springframework\spring-jcl\5.3.6\spring-jcl-5.3.6.jar;D:\maven\repo\org\springframework\spring-test\5.3.6\spring-test-5.3.6.jar;D:\maven\repo\org\xmlunit\xmlunit-core\2.7.0\xmlunit-core-2.7.0.jar;D:\maven\repo\junit\junit\4.13.2\junit-4.13.2.jar;D:\maven\repo\org\hamcrest\hamcrest-core\2.2\hamcrest-core-2.2.jar;"/>
    <property name="java.vm.vendor" value="Oracle Corporation"/>
    <property name="sun.arch.data.model" value="32"/>
    <property name="user.variant" value=""/>
    <property name="java.vendor.url" value="http://java.oracle.com/"/>
    <property name="user.timezone" value="Asia/Shanghai"/>
    <property name="java.vm.specification.version" value="1.8"/>
    <property name="os.name" value="Windows 10"/>
    <property name="user.country" value="CN"/>
    <property name="sun.java.launcher" value="SUN_STANDARD"/>
    <property name="sun.boot.library.path" value="C:\Program Files (x86)\Java\jdk1.8.0_102\jre\bin"/>
    <property name="sun.java.command" value="C:\Users\MYXIAO~1\AppData\Local\Temp\surefire8921457997747168673\surefirebooter6348648078310486543.jar C:\Users\Myxiaowang\AppData\Local\Temp\surefire8921457997747168673 2021-06-15T14-34-47_857-jvmRun1 surefire6008881149714034367tmp surefire_0984650195461209107tmp"/>
    <property name="surefire.test.class.path" value="D:\JavaProject\sctbc\target\test-classes;D:\JavaProject\sctbc\target\classes;D:\maven\repo\org\springframework\boot\spring-boot-starter-jdbc\2.4.5\spring-boot-starter-jdbc-2.4.5.jar;D:\maven\repo\org\springframework\boot\spring-boot-starter\2.4.5\spring-boot-starter-2.4.5.jar;D:\maven\repo\org\springframework\boot\spring-boot\2.4.5\spring-boot-2.4.5.jar;D:\maven\repo\org\springframework\boot\spring-boot-autoconfigure\2.4.5\spring-boot-autoconfigure-2.4.5.jar;D:\maven\repo\org\springframework\boot\spring-boot-starter-logging\2.4.5\spring-boot-starter-logging-2.4.5.jar;D:\maven\repo\ch\qos\logback\logback-classic\1.2.3\logback-classic-1.2.3.jar;D:\maven\repo\ch\qos\logback\logback-core\1.2.3\logback-core-1.2.3.jar;D:\maven\repo\org\apache\logging\log4j\log4j-to-slf4j\2.13.3\log4j-to-slf4j-2.13.3.jar;D:\maven\repo\org\apache\logging\log4j\log4j-api\2.13.3\log4j-api-2.13.3.jar;D:\maven\repo\org\slf4j\jul-to-slf4j\1.7.30\jul-to-slf4j-1.7.30.jar;D:\maven\repo\jakarta\annotation\jakarta.annotation-api\1.3.5\jakarta.annotation-api-1.3.5.jar;D:\maven\repo\org\yaml\snakeyaml\1.27\snakeyaml-1.27.jar;D:\maven\repo\com\zaxxer\HikariCP\3.4.5\HikariCP-3.4.5.jar;D:\maven\repo\org\springframework\spring-jdbc\5.3.6\spring-jdbc-5.3.6.jar;D:\maven\repo\org\springframework\spring-beans\5.3.6\spring-beans-5.3.6.jar;D:\maven\repo\org\springframework\spring-tx\5.3.6\spring-tx-5.3.6.jar;D:\maven\repo\org\springframework\boot\spring-boot-configuration-processor\2.4.5\spring-boot-configuration-processor-2.4.5.jar;D:\maven\repo\org\apache\poi\poi\3.16\poi-3.16.jar;D:\maven\repo\commons-codec\commons-codec\1.15\commons-codec-1.15.jar;D:\maven\repo\org\apache\commons\commons-collections4\4.1\commons-collections4-4.1.jar;D:\maven\repo\org\apache\poi\poi-ooxml\3.16\poi-ooxml-3.16.jar;D:\maven\repo\org\apache\poi\poi-ooxml-schemas\3.16\poi-ooxml-schemas-3.16.jar;D:\maven\repo\org\apache\xmlbeans\xmlbeans\2.6.0\xmlbeans-2.6.0.jar;D:\maven\repo\stax\stax-api\1.0.1\stax-api-1.0.1.jar;D:\maven\repo\com\github\virtuald\curvesapi\1.04\curvesapi-1.04.jar;D:\maven\repo\org\mybatis\spring\boot\mybatis-spring-boot-starter\2.1.4\mybatis-spring-boot-starter-2.1.4.jar;D:\maven\repo\org\mybatis\spring\boot\mybatis-spring-boot-autoconfigure\2.1.4\mybatis-spring-boot-autoconfigure-2.1.4.jar;D:\maven\repo\org\mybatis\mybatis\3.5.6\mybatis-3.5.6.jar;D:\maven\repo\org\mybatis\mybatis-spring\2.0.6\mybatis-spring-2.0.6.jar;D:\maven\repo\com\github\xiaoymin\swagger-bootstrap-ui\1.9.6\swagger-bootstrap-ui-1.9.6.jar;D:\maven\repo\org\javassist\javassist\3.25.0-GA\javassist-3.25.0-GA.jar;D:\maven\repo\io\springfox\springfox-boot-starter\3.0.0\springfox-boot-starter-3.0.0.jar;D:\maven\repo\io\springfox\springfox-oas\3.0.0\springfox-oas-3.0.0.jar;D:\maven\repo\io\swagger\core\v3\swagger-annotations\2.1.2\swagger-annotations-2.1.2.jar;D:\maven\repo\io\swagger\core\v3\swagger-models\2.1.2\swagger-models-2.1.2.jar;D:\maven\repo\com\fasterxml\jackson\core\jackson-annotations\2.11.4\jackson-annotations-2.11.4.jar;D:\maven\repo\io\springfox\springfox-spi\3.0.0\springfox-spi-3.0.0.jar;D:\maven\repo\io\springfox\springfox-schema\3.0.0\springfox-schema-3.0.0.jar;D:\maven\repo\io\springfox\springfox-core\3.0.0\springfox-core-3.0.0.jar;D:\maven\repo\io\springfox\springfox-spring-web\3.0.0\springfox-spring-web-3.0.0.jar;D:\maven\repo\io\github\classgraph\classgraph\4.8.83\classgraph-4.8.83.jar;D:\maven\repo\io\springfox\springfox-spring-webmvc\3.0.0\springfox-spring-webmvc-3.0.0.jar;D:\maven\repo\io\springfox\springfox-spring-webflux\3.0.0\springfox-spring-webflux-3.0.0.jar;D:\maven\repo\io\springfox\springfox-swagger-common\3.0.0\springfox-swagger-common-3.0.0.jar;D:\maven\repo\org\mapstruct\mapstruct\1.3.1.Final\mapstruct-1.3.1.Final.jar;D:\maven\repo\io\springfox\springfox-data-rest\3.0.0\springfox-data-rest-3.0.0.jar;D:\maven\repo\io\springfox\springfox-bean-validators\3.0.0\springfox-bean-validators-3.0.0.jar;D:\maven\repo\io\springfox\springfox-swagger2\3.0.0\springfox-swagger2-3.0.0.jar;D:\maven\repo\io\swagger\swagger-annotations\1.5.20\swagger-annotations-1.5.20.jar;D:\maven\repo\io\swagger\swagger-models\1.5.20\swagger-models-1.5.20.jar;D:\maven\repo\io\springfox\springfox-swagger-ui\3.0.0\springfox-swagger-ui-3.0.0.jar;D:\maven\repo\com\fasterxml\classmate\1.5.1\classmate-1.5.1.jar;D:\maven\repo\org\slf4j\slf4j-api\1.7.30\slf4j-api-1.7.30.jar;D:\maven\repo\org\springframework\plugin\spring-plugin-core\2.0.0.RELEASE\spring-plugin-core-2.0.0.RELEASE.jar;D:\maven\repo\org\springframework\spring-context\5.3.6\spring-context-5.3.6.jar;D:\maven\repo\org\springframework\spring-aop\5.3.6\spring-aop-5.3.6.jar;D:\maven\repo\org\springframework\plugin\spring-plugin-metadata\2.0.0.RELEASE\spring-plugin-metadata-2.0.0.RELEASE.jar;D:\maven\repo\org\springframework\boot\spring-boot-starter-mail\2.4.5\spring-boot-starter-mail-2.4.5.jar;D:\maven\repo\org\springframework\spring-context-support\5.3.6\spring-context-support-5.3.6.jar;D:\maven\repo\com\sun\mail\jakarta.mail\1.6.7\jakarta.mail-1.6.7.jar;D:\maven\repo\com\sun\activation\jakarta.activation\1.2.2\jakarta.activation-1.2.2.jar;D:\maven\repo\org\springframework\boot\spring-boot-starter-web\2.4.5\spring-boot-starter-web-2.4.5.jar;D:\maven\repo\org\springframework\boot\spring-boot-starter-json\2.4.5\spring-boot-starter-json-2.4.5.jar;D:\maven\repo\com\fasterxml\jackson\core\jackson-databind\2.11.4\jackson-databind-2.11.4.jar;D:\maven\repo\com\fasterxml\jackson\core\jackson-core\2.11.4\jackson-core-2.11.4.jar;D:\maven\repo\com\fasterxml\jackson\datatype\jackson-datatype-jdk8\2.11.4\jackson-datatype-jdk8-2.11.4.jar;D:\maven\repo\com\fasterxml\jackson\datatype\jackson-datatype-jsr310\2.11.4\jackson-datatype-jsr310-2.11.4.jar;D:\maven\repo\com\fasterxml\jackson\module\jackson-module-parameter-names\2.11.4\jackson-module-parameter-names-2.11.4.jar;D:\maven\repo\org\springframework\boot\spring-boot-starter-tomcat\2.4.5\spring-boot-starter-tomcat-2.4.5.jar;D:\maven\repo\org\apache\tomcat\embed\tomcat-embed-core\9.0.45\tomcat-embed-core-9.0.45.jar;D:\maven\repo\org\glassfish\jakarta.el\3.0.3\jakarta.el-3.0.3.jar;D:\maven\repo\org\apache\tomcat\embed\tomcat-embed-websocket\9.0.45\tomcat-embed-websocket-9.0.45.jar;D:\maven\repo\org\springframework\spring-web\5.3.6\spring-web-5.3.6.jar;D:\maven\repo\org\springframework\spring-webmvc\5.3.6\spring-webmvc-5.3.6.jar;D:\maven\repo\org\springframework\spring-expression\5.3.6\spring-expression-5.3.6.jar;D:\maven\repo\log4j\log4j\1.2.17\log4j-1.2.17.jar;D:\maven\repo\com\alibaba\druid\1.1.8\druid-1.1.8.jar;D:\maven\repo\mysql\mysql-connector-java\8.0.23\mysql-connector-java-8.0.23.jar;D:\maven\repo\org\projectlombok\lombok\1.18.20\lombok-1.18.20.jar;D:\maven\repo\org\springframework\boot\spring-boot-starter-test\2.4.5\spring-boot-starter-test-2.4.5.jar;D:\maven\repo\org\springframework\boot\spring-boot-test\2.4.5\spring-boot-test-2.4.5.jar;D:\maven\repo\org\springframework\boot\spring-boot-test-autoconfigure\2.4.5\spring-boot-test-autoconfigure-2.4.5.jar;D:\maven\repo\com\jayway\jsonpath\json-path\2.4.0\json-path-2.4.0.jar;D:\maven\repo\net\minidev\json-smart\2.3\json-smart-2.3.jar;D:\maven\repo\net\minidev\accessors-smart\1.2\accessors-smart-1.2.jar;D:\maven\repo\org\ow2\asm\asm\5.0.4\asm-5.0.4.jar;D:\maven\repo\jakarta\xml\bind\jakarta.xml.bind-api\2.3.3\jakarta.xml.bind-api-2.3.3.jar;D:\maven\repo\jakarta\activation\jakarta.activation-api\1.2.2\jakarta.activation-api-1.2.2.jar;D:\maven\repo\org\assertj\assertj-core\3.18.1\assertj-core-3.18.1.jar;D:\maven\repo\org\hamcrest\hamcrest\2.2\hamcrest-2.2.jar;D:\maven\repo\org\junit\jupiter\junit-jupiter\5.7.1\junit-jupiter-5.7.1.jar;D:\maven\repo\org\junit\jupiter\junit-jupiter-api\5.7.1\junit-jupiter-api-5.7.1.jar;D:\maven\repo\org\apiguardian\apiguardian-api\1.1.0\apiguardian-api-1.1.0.jar;D:\maven\repo\org\opentest4j\opentest4j\1.2.0\opentest4j-1.2.0.jar;D:\maven\repo\org\junit\platform\junit-platform-commons\1.7.1\junit-platform-commons-1.7.1.jar;D:\maven\repo\org\junit\jupiter\junit-jupiter-params\5.7.1\junit-jupiter-params-5.7.1.jar;D:\maven\repo\org\junit\jupiter\junit-jupiter-engine\5.7.1\junit-jupiter-engine-5.7.1.jar;D:\maven\repo\org\junit\platform\junit-platform-engine\1.7.1\junit-platform-engine-1.7.1.jar;D:\maven\repo\org\mockito\mockito-core\3.6.28\mockito-core-3.6.28.jar;D:\maven\repo\net\bytebuddy\byte-buddy\1.10.22\byte-buddy-1.10.22.jar;D:\maven\repo\net\bytebuddy\byte-buddy-agent\1.10.22\byte-buddy-agent-1.10.22.jar;D:\maven\repo\org\objenesis\objenesis\3.1\objenesis-3.1.jar;D:\maven\repo\org\mockito\mockito-junit-jupiter\3.6.28\mockito-junit-jupiter-3.6.28.jar;D:\maven\repo\org\skyscreamer\jsonassert\1.5.0\jsonassert-1.5.0.jar;D:\maven\repo\com\vaadin\external\google\android-json\0.0.20131108.vaadin1\android-json-0.0.20131108.vaadin1.jar;D:\maven\repo\org\springframework\spring-core\5.3.6\spring-core-5.3.6.jar;D:\maven\repo\org\springframework\spring-jcl\5.3.6\spring-jcl-5.3.6.jar;D:\maven\repo\org\springframework\spring-test\5.3.6\spring-test-5.3.6.jar;D:\maven\repo\org\xmlunit\xmlunit-core\2.7.0\xmlunit-core-2.7.0.jar;D:\maven\repo\junit\junit\4.13.2\junit-4.13.2.jar;D:\maven\repo\org\hamcrest\hamcrest-core\2.2\hamcrest-core-2.2.jar;"/>
    <property name="sun.cpu.endian" value="little"/>
    <property name="user.home" value="C:\Users\Myxiaowang"/>
    <property name="user.language" value="zh"/>
    <property name="java.specification.vendor" value="Oracle Corporation"/>
    <property name="java.home" value="C:\Program Files (x86)\Java\jdk1.8.0_102\jre"/>
    <property name="basedir" value="D:\JavaProject\sctbc"/>
    <property name="file.separator" value="\"/>
    <property name="line.separator" value="&#10;"/>
    <property name="java.vm.specification.vendor" value="Oracle Corporation"/>
    <property name="java.specification.name" value="Java Platform API Specification"/>
    <property name="java.awt.graphicsenv" value="sun.awt.Win32GraphicsEnvironment"/>
    <property name="surefire.real.class.path" value="C:\Users\MYXIAO~1\AppData\Local\Temp\surefire8921457997747168673\surefirebooter6348648078310486543.jar"/>
    <property name="sun.boot.class.path" value="C:\Program Files (x86)\Java\jdk1.8.0_102\jre\lib\resources.jar;C:\Program Files (x86)\Java\jdk1.8.0_102\jre\lib\rt.jar;C:\Program Files (x86)\Java\jdk1.8.0_102\jre\lib\sunrsasign.jar;C:\Program Files (x86)\Java\jdk1.8.0_102\jre\lib\jsse.jar;C:\Program Files (x86)\Java\jdk1.8.0_102\jre\lib\jce.jar;C:\Program Files (x86)\Java\jdk1.8.0_102\jre\lib\charsets.jar;C:\Program Files (x86)\Java\jdk1.8.0_102\jre\lib\jfr.jar;C:\Program Files (x86)\Java\jdk1.8.0_102\jre\classes"/>
    <property name="user.script" value=""/>
    <property name="sun.management.compiler" value="HotSpot Client Compiler"/>
    <property name="java.runtime.version" value="1.8.0_102-b14"/>
    <property name="user.name" value="Myxiaowang"/>
    <property name="path.separator" value=";"/>
    <property name="os.version" value="10.0"/>
    <property name="java.endorsed.dirs" value="C:\Program Files (x86)\Java\jdk1.8.0_102\jre\lib\endorsed"/>
    <property name="java.runtime.name" value="Java(TM) SE Runtime Environment"/>
    <property name="file.encoding" value="GBK"/>
    <property name="java.vm.name" value="Java HotSpot(TM) Client VM"/>
    <property name="localRepository" value="D:\maven\repo"/>
    <property name="java.vendor.url.bug" value="http://bugreport.sun.com/bugreport/"/>
    <property name="java.io.tmpdir" value="C:\Users\MYXIAO~1\AppData\Local\Temp\"/>
    <property name="idea.version" value="2021.1.1"/>
    <property name="java.version" value="1.8.0_102"/>
    <property name="user.dir" value="D:\JavaProject\sctbc"/>
    <property name="os.arch" value="x86"/>
    <property name="java.vm.specification.name" value="Java Virtual Machine Specification"/>
    <property name="java.awt.printerjob" value="sun.awt.windows.WPrinterJob"/>
    <property name="sun.os.patch.level" value=""/>
    <property name="java.library.path" value="C:\Program Files (x86)\Java\jdk1.8.0_102\jre\bin;C:\Windows\Sun\Java\bin;C:\Windows\system32;C:\Windows;D:\vmware\bin\;C:\Program Files (x86)\Common Files\Oracle\Java\javapath;C:\Windows\system32;C:\Windows;C:\Windows\System32\Wbem;C:\Windows\System32\WindowsPowerShell\v1.0\;C:\Windows\System32\OpenSSH\;C:\Program Files (x86)\NVIDIA Corporation\PhysX\Common;C:\Program Files\NVIDIA Corporation\NVIDIA NvDLISR;C:\Program Files (x86)\Java\jdk1.8.0_102\bin;C:\Program Files (x86)\Java\jdk1.8.0_102\jre\bin;D:\maven\apache-maven-3.6.3\bin;D:\Tomcat\apache-tomcat-9.0.44\bin;D:\Node\node_global;D:\Node;%IDEA_JKD_64%\bin;D:\phpstudy_pro\Extensions\php\php7.3.4nts;D:\xftp\;D:\xshell7\;D:\git\Git\cmd;C:\Users\Myxiaowang\AppData\Local\Microsoft\WindowsApps;;D:\IDEA\IntelliJ IDEA 2020.3.3\bin;;D:\VS\Microsoft VS Code\bin;C:\Users\Myxiaowang\AppData\Roaming\npm;."/>
    <property name="java.vm.info" value="mixed mode"/>
    <property name="java.vendor" value="Oracle Corporation"/>
    <property name="java.vm.version" value="25.102-b14"/>
    <property name="java.ext.dirs" value="C:\Program Files (x86)\Java\jdk1.8.0_102\jre\lib\ext;C:\Windows\Sun\Java\lib\ext"/>
    <property name="sun.io.unicode.encoding" value="UnicodeLittle"/>
    <property name="maven.repo.local" value="D:\maven\repo"/>
    <property name="java.class.version" value="52.0"/>
  </properties>
  <testcase name="contextLoads" classname="com.sctbc.SctbcApplicationTests" time="0.175"/>
</testsuite>